{
"contracts\\NftMarketplace.sol":{"l":{"56":14,"59":14,"60":0,"62":14,"66":12,"67":12,"68":2,"70":10,"74":22,"75":22,"77":22,"78":2,"80":20,"84":6,"88":3,"96":14,"97":1,"100":13,"103":13,"104":0,"107":13,"109":13,"118":6,"120":6,"121":1,"126":5,"127":5,"129":5,"131":5,"139":2,"141":2,"149":2,"150":2,"155":1,"157":1,"158":1,"161":0,"162":0,"164":0,"165":0},"path":"D:\\Blockchain\\hardhat\\nft-marketplace\\contracts\\NftMarketplace.sol","s":{"1":14,"2":14,"3":12,"4":12,"5":22,"6":22,"7":22,"8":6,"9":3,"10":14,"11":13,"12":13,"13":13,"14":6,"15":6,"16":5,"17":5,"18":2,"19":2,"20":1,"21":1,"22":0,"23":0},"b":{"1":[0,14],"2":[2,10],"3":[2,20],"4":[14,0],"5":[14,0],"6":[1,13],"7":[0,13],"8":[6,0],"9":[6,0],"10":[1,5],"11":[3,1],"12":[2,1],"13":[3,1],"14":[2,1],"15":[1,0],"16":[0,0]},"f":{"1":14,"2":12,"3":22,"4":6,"5":3,"6":14,"7":6,"8":2,"9":2,"10":1},"fnMap":{"1":{"name":"notListed","line":55,"loc":{"start":{"line":55,"column":4},"end":{"line":63,"column":4}}},"2":{"name":"isListed","line":65,"loc":{"start":{"line":65,"column":4},"end":{"line":71,"column":4}}},"3":{"name":"isOwner","line":73,"loc":{"start":{"line":73,"column":4},"end":{"line":81,"column":4}}},"4":{"name":"getListing","line":83,"loc":{"start":{"line":83,"column":4},"end":{"line":85,"column":4}}},"5":{"name":"getProceeds","line":87,"loc":{"start":{"line":87,"column":4},"end":{"line":89,"column":4}}},"6":{"name":"listItem","line":94,"loc":{"start":{"line":91,"column":4},"end":{"line":110,"column":4}}},"7":{"name":"buyItem","line":116,"loc":{"start":{"line":112,"column":4},"end":{"line":132,"column":4}}},"8":{"name":"cancelListing","line":137,"loc":{"start":{"line":134,"column":4},"end":{"line":142,"column":4}}},"9":{"name":"updateListing","line":147,"loc":{"start":{"line":144,"column":4},"end":{"line":151,"column":4}}},"10":{"name":"withdrawProceeds","line":153,"loc":{"start":{"line":153,"column":4},"end":{"line":167,"column":4}}}},"statementMap":{"1":{"start":{"line":56,"column":8},"end":{"line":56,"column":64}},"2":{"start":{"line":59,"column":8},"end":{"line":59,"column":1916}},"3":{"start":{"line":66,"column":8},"end":{"line":66,"column":64}},"4":{"start":{"line":67,"column":8},"end":{"line":67,"column":2182}},"5":{"start":{"line":74,"column":8},"end":{"line":74,"column":41}},"6":{"start":{"line":75,"column":8},"end":{"line":75,"column":44}},"7":{"start":{"line":77,"column":8},"end":{"line":77,"column":2486}},"8":{"start":{"line":84,"column":8},"end":{"line":84,"column":46}},"9":{"start":{"line":88,"column":8},"end":{"line":88,"column":33}},"10":{"start":{"line":96,"column":8},"end":{"line":96,"column":3108}},"11":{"start":{"line":100,"column":8},"end":{"line":100,"column":41}},"12":{"start":{"line":103,"column":8},"end":{"line":103,"column":3350}},"13":{"start":{"line":109,"column":8},"end":{"line":109,"column":63}},"14":{"start":{"line":118,"column":8},"end":{"line":118,"column":64}},"15":{"start":{"line":120,"column":8},"end":{"line":120,"column":3861}},"16":{"start":{"line":129,"column":8},"end":{"line":129,"column":80}},"17":{"start":{"line":131,"column":8},"end":{"line":131,"column":71}},"18":{"start":{"line":141,"column":8},"end":{"line":141,"column":58}},"19":{"start":{"line":150,"column":8},"end":{"line":150,"column":67}},"20":{"start":{"line":155,"column":8},"end":{"line":155,"column":49}},"21":{"start":{"line":157,"column":8},"end":{"line":157,"column":5164}},"22":{"start":{"line":162,"column":8},"end":{"line":162,"column":72}},"23":{"start":{"line":164,"column":8},"end":{"line":164,"column":5370}}},"branchMap":{"1":{"line":59,"type":"if","locations":[{"start":{"line":59,"column":8},"end":{"line":59,"column":8}},{"start":{"line":59,"column":8},"end":{"line":59,"column":8}}]},"2":{"line":67,"type":"if","locations":[{"start":{"line":67,"column":8},"end":{"line":67,"column":8}},{"start":{"line":67,"column":8},"end":{"line":67,"column":8}}]},"3":{"line":77,"type":"if","locations":[{"start":{"line":77,"column":8},"end":{"line":77,"column":8}},{"start":{"line":77,"column":8},"end":{"line":77,"column":8}}]},"4":{"line":93,"type":"if","locations":[{"start":{"line":93,"column":8},"end":{"line":93,"column":8}},{"start":{"line":93,"column":8},"end":{"line":93,"column":8}}]},"5":{"line":94,"type":"if","locations":[{"start":{"line":94,"column":8},"end":{"line":94,"column":8}},{"start":{"line":94,"column":8},"end":{"line":94,"column":8}}]},"6":{"line":96,"type":"if","locations":[{"start":{"line":96,"column":8},"end":{"line":96,"column":8}},{"start":{"line":96,"column":8},"end":{"line":96,"column":8}}]},"7":{"line":103,"type":"if","locations":[{"start":{"line":103,"column":8},"end":{"line":103,"column":8}},{"start":{"line":103,"column":8},"end":{"line":103,"column":8}}]},"8":{"line":115,"type":"if","locations":[{"start":{"line":115,"column":8},"end":{"line":115,"column":8}},{"start":{"line":115,"column":8},"end":{"line":115,"column":8}}]},"9":{"line":116,"type":"if","locations":[{"start":{"line":116,"column":8},"end":{"line":116,"column":8}},{"start":{"line":116,"column":8},"end":{"line":116,"column":8}}]},"10":{"line":120,"type":"if","locations":[{"start":{"line":120,"column":8},"end":{"line":120,"column":8}},{"start":{"line":120,"column":8},"end":{"line":120,"column":8}}]},"11":{"line":136,"type":"if","locations":[{"start":{"line":136,"column":8},"end":{"line":136,"column":8}},{"start":{"line":136,"column":8},"end":{"line":136,"column":8}}]},"12":{"line":137,"type":"if","locations":[{"start":{"line":137,"column":8},"end":{"line":137,"column":8}},{"start":{"line":137,"column":8},"end":{"line":137,"column":8}}]},"13":{"line":146,"type":"if","locations":[{"start":{"line":146,"column":8},"end":{"line":146,"column":8}},{"start":{"line":146,"column":8},"end":{"line":146,"column":8}}]},"14":{"line":147,"type":"if","locations":[{"start":{"line":147,"column":8},"end":{"line":147,"column":8}},{"start":{"line":147,"column":8},"end":{"line":147,"column":8}}]},"15":{"line":157,"type":"if","locations":[{"start":{"line":157,"column":8},"end":{"line":157,"column":8}},{"start":{"line":157,"column":8},"end":{"line":157,"column":8}}]},"16":{"line":164,"type":"if","locations":[{"start":{"line":164,"column":8},"end":{"line":164,"column":8}},{"start":{"line":164,"column":8},"end":{"line":164,"column":8}}]}}},
"contracts\\test\\BasicNFT.sol":{"l":{"11":3,"15":0,"19":0,"23":18,"24":18,"25":18},"path":"D:\\Blockchain\\hardhat\\nft-marketplace\\contracts\\test\\BasicNFT.sol","s":{"1":0,"2":0,"3":18,"4":18},"b":{},"f":{"1":3,"2":0,"3":0,"4":18},"fnMap":{"1":{"name":"constructor","line":10,"loc":{"start":{"line":10,"column":4},"end":{"line":12,"column":4}}},"2":{"name":"getTokenCounter","line":14,"loc":{"start":{"line":14,"column":4},"end":{"line":16,"column":4}}},"3":{"name":"tokenURI","line":18,"loc":{"start":{"line":18,"column":4},"end":{"line":20,"column":4}}},"4":{"name":"mintNft","line":22,"loc":{"start":{"line":22,"column":4},"end":{"line":26,"column":4}}}},"statementMap":{"1":{"start":{"line":15,"column":8},"end":{"line":15,"column":29}},"2":{"start":{"line":19,"column":8},"end":{"line":19,"column":24}},"3":{"start":{"line":23,"column":8},"end":{"line":23,"column":44}},"4":{"start":{"line":25,"column":8},"end":{"line":25,"column":29}}},"branchMap":{}}}
