TN:
SF:D:\Blockchain\hardhat\nft-marketplace\contracts\NftMarketplace.sol
FN:55,notListed
FN:65,isListed
FN:73,isOwner
FN:83,getListing
FN:87,getProceeds
FN:94,listItem
FN:116,buyItem
FN:137,cancelListing
FN:147,updateListing
FN:153,withdrawProceeds
FNF:10
FNH:10
FNDA:14,notListed
FNDA:12,isListed
FNDA:22,isOwner
FNDA:6,getListing
FNDA:3,getProceeds
FNDA:14,listItem
FNDA:6,buyItem
FNDA:2,cancelListing
FNDA:2,updateListing
FNDA:1,withdrawProceeds
DA:56,14
DA:59,14
DA:60,0
DA:62,14
DA:66,12
DA:67,12
DA:68,2
DA:70,10
DA:74,22
DA:75,22
DA:77,22
DA:78,2
DA:80,20
DA:84,6
DA:88,3
DA:96,14
DA:97,1
DA:100,13
DA:103,13
DA:104,0
DA:107,13
DA:109,13
DA:118,6
DA:120,6
DA:121,1
DA:126,5
DA:127,5
DA:129,5
DA:131,5
DA:139,2
DA:141,2
DA:149,2
DA:150,2
DA:155,1
DA:157,1
DA:158,1
DA:161,0
DA:162,0
DA:164,0
DA:165,0
LF:40
LH:34
BRDA:59,1,0,0
BRDA:59,1,1,14
BRDA:67,2,0,2
BRDA:67,2,1,10
BRDA:77,3,0,2
BRDA:77,3,1,20
BRDA:93,4,0,14
BRDA:93,4,1,0
BRDA:94,5,0,14
BRDA:94,5,1,0
BRDA:96,6,0,1
BRDA:96,6,1,13
BRDA:103,7,0,0
BRDA:103,7,1,13
BRDA:115,8,0,6
BRDA:115,8,1,0
BRDA:116,9,0,6
BRDA:116,9,1,0
BRDA:120,10,0,1
BRDA:120,10,1,5
BRDA:136,11,0,3
BRDA:136,11,1,1
BRDA:137,12,0,2
BRDA:137,12,1,1
BRDA:146,13,0,3
BRDA:146,13,1,1
BRDA:147,14,0,2
BRDA:147,14,1,1
BRDA:157,15,0,1
BRDA:157,15,1,0
BRDA:164,16,0,0
BRDA:164,16,1,0
BRF:32
BRH:23
end_of_record
TN:
SF:D:\Blockchain\hardhat\nft-marketplace\contracts\test\BasicNFT.sol
FN:10,constructor
FN:14,getTokenCounter
FN:18,tokenURI
FN:22,mintNft
FNF:4
FNH:2
FNDA:3,constructor
FNDA:0,getTokenCounter
FNDA:0,tokenURI
FNDA:18,mintNft
DA:11,3
DA:15,0
DA:19,0
DA:23,18
DA:24,18
DA:25,18
LF:6
LH:4
BRF:0
BRH:0
end_of_record
